2022-04-01 12:59:32,486 ERROR 25272 nodejs.ClusterClientNoResponseError: client no response in 3138044ms exceeding maxIdleTime 60000ms, maybe the connection is close on other side.
    at Timeout._onTimeout (E:\project\mrs-app-code-creator\admin\node_modules\cluster-client\lib\leader.js:77:23)
    at listOnTimeout (node:internal/timers:557:17)
    at processTimers (node:internal/timers:500:7)
name: "ClusterClientNoResponseError"
pid: 25272
hostname: DESKTOP-IKGNHEN

2022-04-01 14:49:12,738 ERROR 25688 [-/::1/-/6ms GET /getConfigByProjectId?id=1] nodejs.TypeError: Cannot read properties of undefined (reading 'queryByProjectId')
    at GenConfigController.queryByProjectId (E:\project\mrs-app-code-creator\admin\app\controller\gen_config.js:7:52)
    at Object.callFn (E:\project\mrs-app-code-creator\admin\node_modules\egg-core\lib\utils\index.js:44:21)
    at Object.classControllerMiddleware (E:\project\mrs-app-code-creator\admin\node_modules\egg-core\lib\loader\mixin\controller.js:87:20)
    at Object.callFn (E:\project\mrs-app-code-creator\admin\node_modules\@eggjs\router\lib\utils.js:12:21)
    at wrappedController (E:\project\mrs-app-code-creator\admin\node_modules\@eggjs\router\lib\egg_router.js:322:18)
    at dispatch (E:\project\mrs-app-code-creator\admin\node_modules\koa-compose\index.js:44:32)
    at next (E:\project\mrs-app-code-creator\admin\node_modules\koa-compose\index.js:45:18)
    at E:\project\mrs-app-code-creator\admin\node_modules\@eggjs\router\lib\router.js:186:18
    at dispatch (E:\project\mrs-app-code-creator\admin\node_modules\koa-compose\index.js:44:32)
    at E:\project\mrs-app-code-creator\admin\node_modules\koa-compose\index.js:36:12

pid: 25688
hostname: DESKTOP-IKGNHEN

2022-04-01 14:50:02,385 ERROR 8612 [-/::1/-/9ms GET /getConfigByProjectId?id=1] nodejs.TypeError: Cannot read properties of undefined (reading 'queryByProjectId')
    at GenConfigController.queryByProjectId (E:\project\mrs-app-code-creator\admin\app\controller\gen_config.js:8:52)
    at Object.callFn (E:\project\mrs-app-code-creator\admin\node_modules\egg-core\lib\utils\index.js:44:21)
    at Object.classControllerMiddleware (E:\project\mrs-app-code-creator\admin\node_modules\egg-core\lib\loader\mixin\controller.js:87:20)
    at Object.callFn (E:\project\mrs-app-code-creator\admin\node_modules\@eggjs\router\lib\utils.js:12:21)
    at wrappedController (E:\project\mrs-app-code-creator\admin\node_modules\@eggjs\router\lib\egg_router.js:322:18)
    at dispatch (E:\project\mrs-app-code-creator\admin\node_modules\koa-compose\index.js:44:32)
    at next (E:\project\mrs-app-code-creator\admin\node_modules\koa-compose\index.js:45:18)
    at E:\project\mrs-app-code-creator\admin\node_modules\@eggjs\router\lib\router.js:186:18
    at dispatch (E:\project\mrs-app-code-creator\admin\node_modules\koa-compose\index.js:44:32)
    at E:\project\mrs-app-code-creator\admin\node_modules\koa-compose\index.js:36:12

pid: 8612
hostname: DESKTOP-IKGNHEN

2022-04-01 14:50:44,511 ERROR 8612 [-/::1/-/5ms GET /getConfigByProjectId?id=1] nodejs.TypeError: Cannot read properties of undefined (reading 'queryByProjectId')
    at GenConfigController.queryByProjectId (E:\project\mrs-app-code-creator\admin\app\controller\gen_config.js:8:52)
    at Object.callFn (E:\project\mrs-app-code-creator\admin\node_modules\egg-core\lib\utils\index.js:44:21)
    at Object.classControllerMiddleware (E:\project\mrs-app-code-creator\admin\node_modules\egg-core\lib\loader\mixin\controller.js:87:20)
    at Object.callFn (E:\project\mrs-app-code-creator\admin\node_modules\@eggjs\router\lib\utils.js:12:21)
    at wrappedController (E:\project\mrs-app-code-creator\admin\node_modules\@eggjs\router\lib\egg_router.js:322:18)
    at dispatch (E:\project\mrs-app-code-creator\admin\node_modules\koa-compose\index.js:44:32)
    at next (E:\project\mrs-app-code-creator\admin\node_modules\koa-compose\index.js:45:18)
    at E:\project\mrs-app-code-creator\admin\node_modules\@eggjs\router\lib\router.js:186:18
    at dispatch (E:\project\mrs-app-code-creator\admin\node_modules\koa-compose\index.js:44:32)
    at E:\project\mrs-app-code-creator\admin\node_modules\koa-compose\index.js:36:12

pid: 8612
hostname: DESKTOP-IKGNHEN

2022-04-01 14:51:08,009 ERROR 25816 [-/::1/-/89ms GET /getConfigByProjectId?id=1] nodejs.ER_BAD_FIELD_ERRORError: ER_BAD_FIELD_ERROR: Unknown column 'where' in 'where clause'
    at Query.Sequence._packetToError (E:\project\mrs-app-code-creator\admin\node_modules\mysql\lib\protocol\sequences\Sequence.js:47:14)
    at Query.ErrorPacket (E:\project\mrs-app-code-creator\admin\node_modules\mysql\lib\protocol\sequences\Query.js:79:18)
    at Protocol._parsePacket (E:\project\mrs-app-code-creator\admin\node_modules\mysql\lib\protocol\Protocol.js:291:23)
    at Parser._parsePacket (E:\project\mrs-app-code-creator\admin\node_modules\mysql\lib\protocol\Parser.js:433:10)
    at Parser.write (E:\project\mrs-app-code-creator\admin\node_modules\mysql\lib\protocol\Parser.js:43:10)
    at Protocol.write (E:\project\mrs-app-code-creator\admin\node_modules\mysql\lib\protocol\Protocol.js:38:16)
    at Socket.<anonymous> (E:\project\mrs-app-code-creator\admin\node_modules\mysql\lib\Connection.js:88:28)
    at Socket.<anonymous> (E:\project\mrs-app-code-creator\admin\node_modules\mysql\lib\Connection.js:526:10)
    at Socket.emit (node:events:390:28)
    at addChunk (node:internal/streams/readable:315:12)
    --------------------
    at Pool.query (E:\project\mrs-app-code-creator\admin\node_modules\mysql\lib\Pool.js:199:23)
    at E:\project\mrs-app-code-creator\admin\node_modules\ali-rds\node_modules\pify\index.js:29:7
    at new Promise (<anonymous>)
    at Pool.<anonymous> (E:\project\mrs-app-code-creator\admin\node_modules\ali-rds\node_modules\pify\index.js:12:10)
    at Pool.ret [as query] (E:\project\mrs-app-code-creator\admin\node_modules\ali-rds\node_modules\pify\index.js:56:34)
    at RDSClient.proto._query (E:\project\mrs-app-code-creator\admin\node_modules\ali-rds\lib\client.js:38:20)
    at RDSClient.proto.query (E:\project\mrs-app-code-creator\admin\node_modules\ali-rds\lib\operator.js:54:29)
    at proto.query.next (<anonymous>)
    at onFulfilled (E:\project\mrs-app-code-creator\admin\node_modules\co\index.js:65:19)
    at E:\project\mrs-app-code-creator\admin\node_modules\co\index.js:54:5
    sql: SELECT * FROM `gen_config` WHERE `where` = `project_id` = '1' LIMIT 0, 1
code: "ER_BAD_FIELD_ERROR"
errno: 1054
sqlMessage: "Unknown column 'where' in 'where clause'"
sqlState: "42S22"
index: 0
sql: "SELECT * FROM `gen_config` WHERE `where` = `project_id` = '1' LIMIT 0, 1"
name: "ER_BAD_FIELD_ERRORError"
pid: 25816
hostname: DESKTOP-IKGNHEN

2022-04-01 14:51:43,657 ERROR 23972 [-/::1/-/95ms GET /getConfigByProjectId?id=1] nodejs.ER_BAD_FIELD_ERRORError: ER_BAD_FIELD_ERROR: Unknown column 'where' in 'where clause'
    at Query.Sequence._packetToError (E:\project\mrs-app-code-creator\admin\node_modules\mysql\lib\protocol\sequences\Sequence.js:47:14)
    at Query.ErrorPacket (E:\project\mrs-app-code-creator\admin\node_modules\mysql\lib\protocol\sequences\Query.js:79:18)
    at Protocol._parsePacket (E:\project\mrs-app-code-creator\admin\node_modules\mysql\lib\protocol\Protocol.js:291:23)
    at Parser._parsePacket (E:\project\mrs-app-code-creator\admin\node_modules\mysql\lib\protocol\Parser.js:433:10)
    at Parser.write (E:\project\mrs-app-code-creator\admin\node_modules\mysql\lib\protocol\Parser.js:43:10)
    at Protocol.write (E:\project\mrs-app-code-creator\admin\node_modules\mysql\lib\protocol\Protocol.js:38:16)
    at Socket.<anonymous> (E:\project\mrs-app-code-creator\admin\node_modules\mysql\lib\Connection.js:88:28)
    at Socket.<anonymous> (E:\project\mrs-app-code-creator\admin\node_modules\mysql\lib\Connection.js:526:10)
    at Socket.emit (node:events:390:28)
    at addChunk (node:internal/streams/readable:315:12)
    --------------------
    at Pool.query (E:\project\mrs-app-code-creator\admin\node_modules\mysql\lib\Pool.js:199:23)
    at E:\project\mrs-app-code-creator\admin\node_modules\ali-rds\node_modules\pify\index.js:29:7
    at new Promise (<anonymous>)
    at Pool.<anonymous> (E:\project\mrs-app-code-creator\admin\node_modules\ali-rds\node_modules\pify\index.js:12:10)
    at Pool.ret [as query] (E:\project\mrs-app-code-creator\admin\node_modules\ali-rds\node_modules\pify\index.js:56:34)
    at RDSClient.proto._query (E:\project\mrs-app-code-creator\admin\node_modules\ali-rds\lib\client.js:38:20)
    at RDSClient.proto.query (E:\project\mrs-app-code-creator\admin\node_modules\ali-rds\lib\operator.js:54:29)
    at proto.query.next (<anonymous>)
    at onFulfilled (E:\project\mrs-app-code-creator\admin\node_modules\co\index.js:65:19)
    at E:\project\mrs-app-code-creator\admin\node_modules\co\index.js:54:5
    sql: SELECT * FROM `gen_config` WHERE `where` = `project_id` = '1' LIMIT 0, 1
code: "ER_BAD_FIELD_ERROR"
errno: 1054
sqlMessage: "Unknown column 'where' in 'where clause'"
sqlState: "42S22"
index: 0
sql: "SELECT * FROM `gen_config` WHERE `where` = `project_id` = '1' LIMIT 0, 1"
name: "ER_BAD_FIELD_ERRORError"
pid: 23972
hostname: DESKTOP-IKGNHEN

2022-04-01 15:15:13,359 ERROR 4136 [-/192.168.100.13/-/2ms PUT /updateConfig] nodejs.Error: Can not auto detect update condition, please set options.where, or make sure obj.id exists
    at RDSClient.proto.update (E:\project\mrs-app-code-creator\admin\node_modules\ali-rds\lib\operator.js:151:13)
    at proto.update.next (<anonymous>)
    at onFulfilled (E:\project\mrs-app-code-creator\admin\node_modules\co\index.js:65:19)
    at E:\project\mrs-app-code-creator\admin\node_modules\co\index.js:54:5
    at new Promise (<anonymous>)
    at RDSClient.co (E:\project\mrs-app-code-creator\admin\node_modules\co\index.js:50:10)
    at RDSClient.createPromise [as update] (E:\project\mrs-app-code-creator\admin\node_modules\co\index.js:30:15)
    at GenConfigService.update (E:\project\mrs-app-code-creator\admin\app\service\gen_config.js:12:38)
    at GenConfigController.update (E:\project\mrs-app-code-creator\admin\app\controller\gen_config.js:13:45)
    at Object.callFn (E:\project\mrs-app-code-creator\admin\node_modules\egg-core\lib\utils\index.js:44:21)

pid: 4136
hostname: DESKTOP-IKGNHEN

2022-04-01 15:15:41,074 ERROR 4136 [-/192.168.100.13/-/0ms PUT /updateConfig] nodejs.Error: Can not auto detect update condition, please set options.where, or make sure obj.id exists
    at RDSClient.proto.update (E:\project\mrs-app-code-creator\admin\node_modules\ali-rds\lib\operator.js:151:13)
    at proto.update.next (<anonymous>)
    at onFulfilled (E:\project\mrs-app-code-creator\admin\node_modules\co\index.js:65:19)
    at E:\project\mrs-app-code-creator\admin\node_modules\co\index.js:54:5
    at new Promise (<anonymous>)
    at RDSClient.co (E:\project\mrs-app-code-creator\admin\node_modules\co\index.js:50:10)
    at RDSClient.createPromise [as update] (E:\project\mrs-app-code-creator\admin\node_modules\co\index.js:30:15)
    at GenConfigService.update (E:\project\mrs-app-code-creator\admin\app\service\gen_config.js:12:38)
    at GenConfigController.update (E:\project\mrs-app-code-creator\admin\app\controller\gen_config.js:13:45)
    at Object.callFn (E:\project\mrs-app-code-creator\admin\node_modules\egg-core\lib\utils\index.js:44:21)

pid: 4136
hostname: DESKTOP-IKGNHEN

2022-04-01 15:16:27,609 ERROR 4136 [-/192.168.100.13/-/1ms PUT /updateConfig] nodejs.Error: Can not auto detect update condition, please set options.where, or make sure obj.id exists
    at RDSClient.proto.update (E:\project\mrs-app-code-creator\admin\node_modules\ali-rds\lib\operator.js:151:13)
    at proto.update.next (<anonymous>)
    at onFulfilled (E:\project\mrs-app-code-creator\admin\node_modules\co\index.js:65:19)
    at E:\project\mrs-app-code-creator\admin\node_modules\co\index.js:54:5
    at new Promise (<anonymous>)
    at RDSClient.co (E:\project\mrs-app-code-creator\admin\node_modules\co\index.js:50:10)
    at RDSClient.createPromise [as update] (E:\project\mrs-app-code-creator\admin\node_modules\co\index.js:30:15)
    at GenConfigService.update (E:\project\mrs-app-code-creator\admin\app\service\gen_config.js:12:38)
    at GenConfigController.update (E:\project\mrs-app-code-creator\admin\app\controller\gen_config.js:13:45)
    at Object.callFn (E:\project\mrs-app-code-creator\admin\node_modules\egg-core\lib\utils\index.js:44:21)

pid: 4136
hostname: DESKTOP-IKGNHEN

2022-04-01 16:42:15,748 ERROR 5564 [-/192.168.100.13/-/112ms POST /updateProjectConfig] nodejs.ReferenceError: res2 is not defined
    at GenProjectConfigController.update (E:\project\mrs-app-code-creator\admin\app\controller\gen_project_config.js:32:20)
    at processTicksAndRejections (node:internal/process/task_queues:96:5)
    at async E:\project\mrs-app-code-creator\admin\node_modules\egg-development\app\middleware\egg_loader_trace.js:9:50
    at async xframe (E:\project\mrs-app-code-creator\admin\node_modules\egg-security\lib\middlewares\xframe.js:7:5)
    at async xssProtection (E:\project\mrs-app-code-creator\admin\node_modules\egg-security\lib\middlewares\xssProtection.js:7:5)
    at async nosniff (E:\project\mrs-app-code-creator\admin\node_modules\egg-security\lib\middlewares\nosniff.js:8:5)
    at async noopen (E:\project\mrs-app-code-creator\admin\node_modules\egg-security\lib\middlewares\noopen.js:8:5)
    at async session (E:\project\mrs-app-code-creator\admin\node_modules\koa-session\index.js:41:7)
    at async bodyParser (E:\project\mrs-app-code-creator\admin\node_modules\koa-bodyparser\index.js:95:5)
    at async E:\project\mrs-app-code-creator\admin\node_modules\koa-static-cache\index.js:39:63

pid: 5564
hostname: DESKTOP-IKGNHEN

2022-04-01 16:43:28,780 ERROR 23800 [-/192.168.100.13/-/153ms POST /updateProjectConfig] nodejs.ReferenceError: res2 is not defined
    at GenProjectConfigController.update (E:\project\mrs-app-code-creator\admin\app\controller\gen_project_config.js:33:20)
    at processTicksAndRejections (node:internal/process/task_queues:96:5)
    at async E:\project\mrs-app-code-creator\admin\node_modules\egg-development\app\middleware\egg_loader_trace.js:9:50
    at async xframe (E:\project\mrs-app-code-creator\admin\node_modules\egg-security\lib\middlewares\xframe.js:7:5)
    at async xssProtection (E:\project\mrs-app-code-creator\admin\node_modules\egg-security\lib\middlewares\xssProtection.js:7:5)
    at async nosniff (E:\project\mrs-app-code-creator\admin\node_modules\egg-security\lib\middlewares\nosniff.js:8:5)
    at async noopen (E:\project\mrs-app-code-creator\admin\node_modules\egg-security\lib\middlewares\noopen.js:8:5)
    at async session (E:\project\mrs-app-code-creator\admin\node_modules\koa-session\index.js:41:7)
    at async bodyParser (E:\project\mrs-app-code-creator\admin\node_modules\koa-bodyparser\index.js:95:5)
    at async E:\project\mrs-app-code-creator\admin\node_modules\koa-static-cache\index.js:39:63

pid: 23800
hostname: DESKTOP-IKGNHEN

2022-04-01 16:43:51,388 ERROR 23800 [-/192.168.100.13/-/103ms POST /updateProjectConfig] nodejs.ReferenceError: res2 is not defined
    at GenProjectConfigController.update (E:\project\mrs-app-code-creator\admin\app\controller\gen_project_config.js:33:20)
    at processTicksAndRejections (node:internal/process/task_queues:96:5)
    at async E:\project\mrs-app-code-creator\admin\node_modules\egg-development\app\middleware\egg_loader_trace.js:9:50
    at async xframe (E:\project\mrs-app-code-creator\admin\node_modules\egg-security\lib\middlewares\xframe.js:7:5)
    at async xssProtection (E:\project\mrs-app-code-creator\admin\node_modules\egg-security\lib\middlewares\xssProtection.js:7:5)
    at async nosniff (E:\project\mrs-app-code-creator\admin\node_modules\egg-security\lib\middlewares\nosniff.js:8:5)
    at async noopen (E:\project\mrs-app-code-creator\admin\node_modules\egg-security\lib\middlewares\noopen.js:8:5)
    at async session (E:\project\mrs-app-code-creator\admin\node_modules\koa-session\index.js:41:7)
    at async bodyParser (E:\project\mrs-app-code-creator\admin\node_modules\koa-bodyparser\index.js:95:5)
    at async E:\project\mrs-app-code-creator\admin\node_modules\koa-static-cache\index.js:39:63

pid: 23800
hostname: DESKTOP-IKGNHEN

2022-04-01 16:59:17,436 ERROR 23576 [-/192.168.100.13/-/114ms POST /updateProjectConfig] nodejs.ER_PARSE_ERRORError: ER_PARSE_ERROR: You have an error in your SQL syntax; check the manual that corresponds to your MySQL server version for the right syntax to use near ' `_key` = 'id', `__v_isRef` = true' at line 1
    at Query.Sequence._packetToError (E:\project\mrs-app-code-creator\admin\node_modules\mysql\lib\protocol\sequences\Sequence.js:47:14)
    at Query.ErrorPacket (E:\project\mrs-app-code-creator\admin\node_modules\mysql\lib\protocol\sequences\Query.js:79:18)
    at Protocol._parsePacket (E:\project\mrs-app-code-creator\admin\node_modules\mysql\lib\protocol\Protocol.js:291:23)
    at Parser._parsePacket (E:\project\mrs-app-code-creator\admin\node_modules\mysql\lib\protocol\Parser.js:433:10)
    at Parser.write (E:\project\mrs-app-code-creator\admin\node_modules\mysql\lib\protocol\Parser.js:43:10)
    at Protocol.write (E:\project\mrs-app-code-creator\admin\node_modules\mysql\lib\protocol\Protocol.js:38:16)
    at Socket.<anonymous> (E:\project\mrs-app-code-creator\admin\node_modules\mysql\lib\Connection.js:88:28)
    at Socket.<anonymous> (E:\project\mrs-app-code-creator\admin\node_modules\mysql\lib\Connection.js:526:10)
    at Socket.emit (node:events:390:28)
    at addChunk (node:internal/streams/readable:315:12)
    --------------------
    at Pool.query (E:\project\mrs-app-code-creator\admin\node_modules\mysql\lib\Pool.js:199:23)
    at E:\project\mrs-app-code-creator\admin\node_modules\ali-rds\node_modules\pify\index.js:29:7
    at new Promise (<anonymous>)
    at Pool.<anonymous> (E:\project\mrs-app-code-creator\admin\node_modules\ali-rds\node_modules\pify\index.js:12:10)
    at Pool.ret [as query] (E:\project\mrs-app-code-creator\admin\node_modules\ali-rds\node_modules\pify\index.js:56:34)
    at RDSClient.proto._query (E:\project\mrs-app-code-creator\admin\node_modules\ali-rds\lib\client.js:38:20)
    at RDSClient.proto.query (E:\project\mrs-app-code-creator\admin\node_modules\ali-rds\lib\operator.js:54:29)
    at proto.query.next (<anonymous>)
    at onFulfilled (E:\project\mrs-app-code-creator\admin\node_modules\co\index.js:65:19)
    at E:\project\mrs-app-code-creator\admin\node_modules\co\index.js:54:5
    sql: UPDATE `gen_config` SET `id` = `_object` = '[object Object]', `_key` = 'id', `__v_isRef` = true, `project_id` = `_object` = '[object Object]', `_key` = 'id', `__v_isRef` = true WHERE `id` = `_object` = '[object Object]', `_key` = 'id', `__v_isRef` = true
code: "ER_PARSE_ERROR"
errno: 1064
sqlMessage: "You have an error in your SQL syntax; check the manual that corresponds to your MySQL server version for the right syntax to use near ' `_key` = 'id', `__v_isRef` = true' at line 1"
sqlState: "42000"
index: 0
sql: "UPDATE `gen_config` SET `id` = `_object` = '[object Object]', `_key` = 'id', `__v_isRef` = true, `project_id` = `_object` = '[object Object]', `_key` = 'id', `__v_isRef` = true WHERE `id` = `_object` = '[object Object]', `_key` = 'id', `__v_isRef` = true"
name: "ER_PARSE_ERRORError"
pid: 23576
hostname: DESKTOP-IKGNHEN

2022-04-01 17:07:23,420 ERROR 2796 [-/192.168.100.13/-/77ms POST /updateProjectConfig] nodejs.ER_TRUNCATED_WRONG_VALUE_FOR_FIELDError: ER_TRUNCATED_WRONG_VALUE_FOR_FIELD: Incorrect integer value: '' for column 'id' at row 1
    at Query.Sequence._packetToError (E:\project\mrs-app-code-creator\admin\node_modules\mysql\lib\protocol\sequences\Sequence.js:47:14)
    at Query.ErrorPacket (E:\project\mrs-app-code-creator\admin\node_modules\mysql\lib\protocol\sequences\Query.js:79:18)
    at Protocol._parsePacket (E:\project\mrs-app-code-creator\admin\node_modules\mysql\lib\protocol\Protocol.js:291:23)
    at Parser._parsePacket (E:\project\mrs-app-code-creator\admin\node_modules\mysql\lib\protocol\Parser.js:433:10)
    at Parser.write (E:\project\mrs-app-code-creator\admin\node_modules\mysql\lib\protocol\Parser.js:43:10)
    at Protocol.write (E:\project\mrs-app-code-creator\admin\node_modules\mysql\lib\protocol\Protocol.js:38:16)
    at Socket.<anonymous> (E:\project\mrs-app-code-creator\admin\node_modules\mysql\lib\Connection.js:88:28)
    at Socket.<anonymous> (E:\project\mrs-app-code-creator\admin\node_modules\mysql\lib\Connection.js:526:10)
    at Socket.emit (node:events:390:28)
    at addChunk (node:internal/streams/readable:315:12)
    --------------------
    at Pool.query (E:\project\mrs-app-code-creator\admin\node_modules\mysql\lib\Pool.js:199:23)
    at E:\project\mrs-app-code-creator\admin\node_modules\ali-rds\node_modules\pify\index.js:29:7
    at new Promise (<anonymous>)
    at Pool.<anonymous> (E:\project\mrs-app-code-creator\admin\node_modules\ali-rds\node_modules\pify\index.js:12:10)
    at Pool.ret [as query] (E:\project\mrs-app-code-creator\admin\node_modules\ali-rds\node_modules\pify\index.js:56:34)
    at RDSClient.proto._query (E:\project\mrs-app-code-creator\admin\node_modules\ali-rds\lib\client.js:38:20)
    at RDSClient.proto.query (E:\project\mrs-app-code-creator\admin\node_modules\ali-rds\lib\operator.js:54:29)
    at proto.query.next (<anonymous>)
    at onFulfilled (E:\project\mrs-app-code-creator\admin\node_modules\co\index.js:65:19)
    at E:\project\mrs-app-code-creator\admin\node_modules\co\index.js:54:5
    sql: INSERT INTO `gen_config`(`id`, `module_name`, `project_id`) VALUES('', 'test', '30')
code: "ER_TRUNCATED_WRONG_VALUE_FOR_FIELD"
errno: 1366
sqlMessage: "Incorrect integer value: '' for column 'id' at row 1"
sqlState: "HY000"
index: 0
sql: "INSERT INTO `gen_config`(`id`, `module_name`, `project_id`) VALUES('', 'test', '30')"
name: "ER_TRUNCATED_WRONG_VALUE_FOR_FIELDError"
pid: 2796
hostname: DESKTOP-IKGNHEN

2022-04-01 17:07:32,472 ERROR 2796 [-/192.168.100.13/-/81ms POST /updateProjectConfig] nodejs.ER_TRUNCATED_WRONG_VALUE_FOR_FIELDError: ER_TRUNCATED_WRONG_VALUE_FOR_FIELD: Incorrect integer value: '' for column 'id' at row 1
    at Query.Sequence._packetToError (E:\project\mrs-app-code-creator\admin\node_modules\mysql\lib\protocol\sequences\Sequence.js:47:14)
    at Query.ErrorPacket (E:\project\mrs-app-code-creator\admin\node_modules\mysql\lib\protocol\sequences\Query.js:79:18)
    at Protocol._parsePacket (E:\project\mrs-app-code-creator\admin\node_modules\mysql\lib\protocol\Protocol.js:291:23)
    at Parser._parsePacket (E:\project\mrs-app-code-creator\admin\node_modules\mysql\lib\protocol\Parser.js:433:10)
    at Parser.write (E:\project\mrs-app-code-creator\admin\node_modules\mysql\lib\protocol\Parser.js:43:10)
    at Protocol.write (E:\project\mrs-app-code-creator\admin\node_modules\mysql\lib\protocol\Protocol.js:38:16)
    at Socket.<anonymous> (E:\project\mrs-app-code-creator\admin\node_modules\mysql\lib\Connection.js:88:28)
    at Socket.<anonymous> (E:\project\mrs-app-code-creator\admin\node_modules\mysql\lib\Connection.js:526:10)
    at Socket.emit (node:events:390:28)
    at addChunk (node:internal/streams/readable:315:12)
    --------------------
    at Pool.query (E:\project\mrs-app-code-creator\admin\node_modules\mysql\lib\Pool.js:199:23)
    at E:\project\mrs-app-code-creator\admin\node_modules\ali-rds\node_modules\pify\index.js:29:7
    at new Promise (<anonymous>)
    at Pool.<anonymous> (E:\project\mrs-app-code-creator\admin\node_modules\ali-rds\node_modules\pify\index.js:12:10)
    at Pool.ret [as query] (E:\project\mrs-app-code-creator\admin\node_modules\ali-rds\node_modules\pify\index.js:56:34)
    at RDSClient.proto._query (E:\project\mrs-app-code-creator\admin\node_modules\ali-rds\lib\client.js:38:20)
    at RDSClient.proto.query (E:\project\mrs-app-code-creator\admin\node_modules\ali-rds\lib\operator.js:54:29)
    at proto.query.next (<anonymous>)
    at onFulfilled (E:\project\mrs-app-code-creator\admin\node_modules\co\index.js:65:19)
    at E:\project\mrs-app-code-creator\admin\node_modules\co\index.js:54:5
    sql: INSERT INTO `gen_config`(`id`, `module_name`, `project_id`) VALUES('', 'test', '30')
code: "ER_TRUNCATED_WRONG_VALUE_FOR_FIELD"
errno: 1366
sqlMessage: "Incorrect integer value: '' for column 'id' at row 1"
sqlState: "HY000"
index: 0
sql: "INSERT INTO `gen_config`(`id`, `module_name`, `project_id`) VALUES('', 'test', '30')"
name: "ER_TRUNCATED_WRONG_VALUE_FOR_FIELDError"
pid: 2796
hostname: DESKTOP-IKGNHEN

2022-04-01 17:08:00,292 ERROR 2796 [-/192.168.100.13/-/70ms POST /updateProjectConfig] nodejs.ER_TRUNCATED_WRONG_VALUE_FOR_FIELDError: ER_TRUNCATED_WRONG_VALUE_FOR_FIELD: Incorrect integer value: '' for column 'id' at row 1
    at Query.Sequence._packetToError (E:\project\mrs-app-code-creator\admin\node_modules\mysql\lib\protocol\sequences\Sequence.js:47:14)
    at Query.ErrorPacket (E:\project\mrs-app-code-creator\admin\node_modules\mysql\lib\protocol\sequences\Query.js:79:18)
    at Protocol._parsePacket (E:\project\mrs-app-code-creator\admin\node_modules\mysql\lib\protocol\Protocol.js:291:23)
    at Parser._parsePacket (E:\project\mrs-app-code-creator\admin\node_modules\mysql\lib\protocol\Parser.js:433:10)
    at Parser.write (E:\project\mrs-app-code-creator\admin\node_modules\mysql\lib\protocol\Parser.js:43:10)
    at Protocol.write (E:\project\mrs-app-code-creator\admin\node_modules\mysql\lib\protocol\Protocol.js:38:16)
    at Socket.<anonymous> (E:\project\mrs-app-code-creator\admin\node_modules\mysql\lib\Connection.js:88:28)
    at Socket.<anonymous> (E:\project\mrs-app-code-creator\admin\node_modules\mysql\lib\Connection.js:526:10)
    at Socket.emit (node:events:390:28)
    at addChunk (node:internal/streams/readable:315:12)
    --------------------
    at Pool.query (E:\project\mrs-app-code-creator\admin\node_modules\mysql\lib\Pool.js:199:23)
    at E:\project\mrs-app-code-creator\admin\node_modules\ali-rds\node_modules\pify\index.js:29:7
    at new Promise (<anonymous>)
    at Pool.<anonymous> (E:\project\mrs-app-code-creator\admin\node_modules\ali-rds\node_modules\pify\index.js:12:10)
    at Pool.ret [as query] (E:\project\mrs-app-code-creator\admin\node_modules\ali-rds\node_modules\pify\index.js:56:34)
    at RDSClient.proto._query (E:\project\mrs-app-code-creator\admin\node_modules\ali-rds\lib\client.js:38:20)
    at RDSClient.proto.query (E:\project\mrs-app-code-creator\admin\node_modules\ali-rds\lib\operator.js:54:29)
    at proto.query.next (<anonymous>)
    at onFulfilled (E:\project\mrs-app-code-creator\admin\node_modules\co\index.js:65:19)
    at E:\project\mrs-app-code-creator\admin\node_modules\co\index.js:54:5
    sql: INSERT INTO `gen_config`(`id`, `module_name`, `project_id`) VALUES('', 'test', '30')
code: "ER_TRUNCATED_WRONG_VALUE_FOR_FIELD"
errno: 1366
sqlMessage: "Incorrect integer value: '' for column 'id' at row 1"
sqlState: "HY000"
index: 0
sql: "INSERT INTO `gen_config`(`id`, `module_name`, `project_id`) VALUES('', 'test', '30')"
name: "ER_TRUNCATED_WRONG_VALUE_FOR_FIELDError"
pid: 2796
hostname: DESKTOP-IKGNHEN

2022-04-01 17:43:43,398 ERROR 21800 [-/127.0.0.1/-/78ms POST /updateProjectConfig] nodejs.ER_TRUNCATED_WRONG_VALUE_FOR_FIELDError: ER_TRUNCATED_WRONG_VALUE_FOR_FIELD: Incorrect integer value: '' for column 'id' at row 1
    at Query.Sequence._packetToError (E:\project\mrs-app-code-creator\admin\node_modules\mysql\lib\protocol\sequences\Sequence.js:47:14)
    at Query.ErrorPacket (E:\project\mrs-app-code-creator\admin\node_modules\mysql\lib\protocol\sequences\Query.js:79:18)
    at Protocol._parsePacket (E:\project\mrs-app-code-creator\admin\node_modules\mysql\lib\protocol\Protocol.js:291:23)
    at Parser._parsePacket (E:\project\mrs-app-code-creator\admin\node_modules\mysql\lib\protocol\Parser.js:433:10)
    at Parser.write (E:\project\mrs-app-code-creator\admin\node_modules\mysql\lib\protocol\Parser.js:43:10)
    at Protocol.write (E:\project\mrs-app-code-creator\admin\node_modules\mysql\lib\protocol\Protocol.js:38:16)
    at Socket.<anonymous> (E:\project\mrs-app-code-creator\admin\node_modules\mysql\lib\Connection.js:88:28)
    at Socket.<anonymous> (E:\project\mrs-app-code-creator\admin\node_modules\mysql\lib\Connection.js:526:10)
    at Socket.emit (node:events:390:28)
    at addChunk (node:internal/streams/readable:315:12)
    --------------------
    at Pool.query (E:\project\mrs-app-code-creator\admin\node_modules\mysql\lib\Pool.js:199:23)
    at E:\project\mrs-app-code-creator\admin\node_modules\ali-rds\node_modules\pify\index.js:29:7
    at new Promise (<anonymous>)
    at Pool.<anonymous> (E:\project\mrs-app-code-creator\admin\node_modules\ali-rds\node_modules\pify\index.js:12:10)
    at Pool.ret [as query] (E:\project\mrs-app-code-creator\admin\node_modules\ali-rds\node_modules\pify\index.js:56:34)
    at RDSClient.proto._query (E:\project\mrs-app-code-creator\admin\node_modules\ali-rds\lib\client.js:38:20)
    at RDSClient.proto.query (E:\project\mrs-app-code-creator\admin\node_modules\ali-rds\lib\operator.js:54:29)
    at proto.query.next (<anonymous>)
    at onFulfilled (E:\project\mrs-app-code-creator\admin\node_modules\co\index.js:65:19)
    at E:\project\mrs-app-code-creator\admin\node_modules\co\index.js:54:5
    sql: INSERT INTO `gen_config`(`id`, `module_name`, `project_id`) VALUES('', '1111', '30')
code: "ER_TRUNCATED_WRONG_VALUE_FOR_FIELD"
errno: 1366
sqlMessage: "Incorrect integer value: '' for column 'id' at row 1"
sqlState: "HY000"
index: 0
sql: "INSERT INTO `gen_config`(`id`, `module_name`, `project_id`) VALUES('', '1111', '30')"
name: "ER_TRUNCATED_WRONG_VALUE_FOR_FIELDError"
pid: 21800
hostname: DESKTOP-IKGNHEN

2022-04-01 17:43:54,190 ERROR 21800 [-/127.0.0.1/-/83ms POST /updateProjectConfig] nodejs.ER_TRUNCATED_WRONG_VALUE_FOR_FIELDError: ER_TRUNCATED_WRONG_VALUE_FOR_FIELD: Incorrect integer value: '' for column 'id' at row 1
    at Query.Sequence._packetToError (E:\project\mrs-app-code-creator\admin\node_modules\mysql\lib\protocol\sequences\Sequence.js:47:14)
    at Query.ErrorPacket (E:\project\mrs-app-code-creator\admin\node_modules\mysql\lib\protocol\sequences\Query.js:79:18)
    at Protocol._parsePacket (E:\project\mrs-app-code-creator\admin\node_modules\mysql\lib\protocol\Protocol.js:291:23)
    at Parser._parsePacket (E:\project\mrs-app-code-creator\admin\node_modules\mysql\lib\protocol\Parser.js:433:10)
    at Parser.write (E:\project\mrs-app-code-creator\admin\node_modules\mysql\lib\protocol\Parser.js:43:10)
    at Protocol.write (E:\project\mrs-app-code-creator\admin\node_modules\mysql\lib\protocol\Protocol.js:38:16)
    at Socket.<anonymous> (E:\project\mrs-app-code-creator\admin\node_modules\mysql\lib\Connection.js:88:28)
    at Socket.<anonymous> (E:\project\mrs-app-code-creator\admin\node_modules\mysql\lib\Connection.js:526:10)
    at Socket.emit (node:events:390:28)
    at addChunk (node:internal/streams/readable:315:12)
    --------------------
    at Pool.query (E:\project\mrs-app-code-creator\admin\node_modules\mysql\lib\Pool.js:199:23)
    at E:\project\mrs-app-code-creator\admin\node_modules\ali-rds\node_modules\pify\index.js:29:7
    at new Promise (<anonymous>)
    at Pool.<anonymous> (E:\project\mrs-app-code-creator\admin\node_modules\ali-rds\node_modules\pify\index.js:12:10)
    at Pool.ret [as query] (E:\project\mrs-app-code-creator\admin\node_modules\ali-rds\node_modules\pify\index.js:56:34)
    at RDSClient.proto._query (E:\project\mrs-app-code-creator\admin\node_modules\ali-rds\lib\client.js:38:20)
    at RDSClient.proto.query (E:\project\mrs-app-code-creator\admin\node_modules\ali-rds\lib\operator.js:54:29)
    at proto.query.next (<anonymous>)
    at onFulfilled (E:\project\mrs-app-code-creator\admin\node_modules\co\index.js:65:19)
    at E:\project\mrs-app-code-creator\admin\node_modules\co\index.js:54:5
    sql: INSERT INTO `gen_config`(`id`, `module_name`, `project_id`) VALUES('', '1111', '30')
code: "ER_TRUNCATED_WRONG_VALUE_FOR_FIELD"
errno: 1366
sqlMessage: "Incorrect integer value: '' for column 'id' at row 1"
sqlState: "HY000"
index: 0
sql: "INSERT INTO `gen_config`(`id`, `module_name`, `project_id`) VALUES('', '1111', '30')"
name: "ER_TRUNCATED_WRONG_VALUE_FOR_FIELDError"
pid: 21800
hostname: DESKTOP-IKGNHEN

2022-04-01 17:45:30,746 ERROR 21800 [-/127.0.0.1/-/84ms POST /updateProjectConfig] nodejs.ER_TRUNCATED_WRONG_VALUE_FOR_FIELDError: ER_TRUNCATED_WRONG_VALUE_FOR_FIELD: Incorrect integer value: '' for column 'id' at row 1
    at Query.Sequence._packetToError (E:\project\mrs-app-code-creator\admin\node_modules\mysql\lib\protocol\sequences\Sequence.js:47:14)
    at Query.ErrorPacket (E:\project\mrs-app-code-creator\admin\node_modules\mysql\lib\protocol\sequences\Query.js:79:18)
    at Protocol._parsePacket (E:\project\mrs-app-code-creator\admin\node_modules\mysql\lib\protocol\Protocol.js:291:23)
    at Parser._parsePacket (E:\project\mrs-app-code-creator\admin\node_modules\mysql\lib\protocol\Parser.js:433:10)
    at Parser.write (E:\project\mrs-app-code-creator\admin\node_modules\mysql\lib\protocol\Parser.js:43:10)
    at Protocol.write (E:\project\mrs-app-code-creator\admin\node_modules\mysql\lib\protocol\Protocol.js:38:16)
    at Socket.<anonymous> (E:\project\mrs-app-code-creator\admin\node_modules\mysql\lib\Connection.js:88:28)
    at Socket.<anonymous> (E:\project\mrs-app-code-creator\admin\node_modules\mysql\lib\Connection.js:526:10)
    at Socket.emit (node:events:390:28)
    at addChunk (node:internal/streams/readable:315:12)
    --------------------
    at Pool.query (E:\project\mrs-app-code-creator\admin\node_modules\mysql\lib\Pool.js:199:23)
    at E:\project\mrs-app-code-creator\admin\node_modules\ali-rds\node_modules\pify\index.js:29:7
    at new Promise (<anonymous>)
    at Pool.<anonymous> (E:\project\mrs-app-code-creator\admin\node_modules\ali-rds\node_modules\pify\index.js:12:10)
    at Pool.ret [as query] (E:\project\mrs-app-code-creator\admin\node_modules\ali-rds\node_modules\pify\index.js:56:34)
    at RDSClient.proto._query (E:\project\mrs-app-code-creator\admin\node_modules\ali-rds\lib\client.js:38:20)
    at RDSClient.proto.query (E:\project\mrs-app-code-creator\admin\node_modules\ali-rds\lib\operator.js:54:29)
    at proto.query.next (<anonymous>)
    at onFulfilled (E:\project\mrs-app-code-creator\admin\node_modules\co\index.js:65:19)
    at E:\project\mrs-app-code-creator\admin\node_modules\co\index.js:54:5
    sql: INSERT INTO `gen_config`(`id`, `module_name`, `project_id`) VALUES('', '1', '30')
code: "ER_TRUNCATED_WRONG_VALUE_FOR_FIELD"
errno: 1366
sqlMessage: "Incorrect integer value: '' for column 'id' at row 1"
sqlState: "HY000"
index: 0
sql: "INSERT INTO `gen_config`(`id`, `module_name`, `project_id`) VALUES('', '1', '30')"
name: "ER_TRUNCATED_WRONG_VALUE_FOR_FIELDError"
pid: 21800
hostname: DESKTOP-IKGNHEN

2022-04-14 12:59:34,390 ERROR 17676 nodejs.ClusterClientNoResponseError: client no response in 3188478ms exceeding maxIdleTime 60000ms, maybe the connection is close on other side.
    at Timeout._onTimeout (E:\project\mrs-app-code-creator\admin\node_modules\cluster-client\lib\leader.js:77:23)
    at listOnTimeout (node:internal/timers:557:17)
    at processTimers (node:internal/timers:500:7)
name: "ClusterClientNoResponseError"
pid: 17676
hostname: DESKTOP-IKGNHEN

2022-05-16 10:01:42,401 ERROR 17708 nodejs.ERR_METHOD_NOT_IMPLEMENTEDError: The _read() method is not implemented (uncaughtException throw 1 times on pid:17708)
    at new NodeError (node:internal/errors:372:5)
    at Readable._read (node:internal/streams/readable:651:9)
    at Readable.read (node:internal/streams/readable:487:10)
    at maybeReadMore_ (node:internal/streams/readable:638:12)
    at processTicksAndRejections (node:internal/process/task_queues:83:21)
code: "ERR_METHOD_NOT_IMPLEMENTED"
name: "ERR_METHOD_NOT_IMPLEMENTEDError"
pid: 17708
hostname: DESKTOP-IKGNHEN

2022-05-16 10:07:25,753 ERROR 17820 nodejs.ERR_METHOD_NOT_IMPLEMENTEDError: The _read() method is not implemented (uncaughtException throw 1 times on pid:17820)
    at new NodeError (node:internal/errors:372:5)
    at Readable._read (node:internal/streams/readable:651:9)
    at Readable.read (node:internal/streams/readable:487:10)
    at maybeReadMore_ (node:internal/streams/readable:638:12)
    at processTicksAndRejections (node:internal/process/task_queues:83:21)
code: "ERR_METHOD_NOT_IMPLEMENTED"
name: "ERR_METHOD_NOT_IMPLEMENTEDError"
pid: 17820
hostname: DESKTOP-IKGNHEN

2022-05-16 10:17:30,383 ERROR 6636 nodejs.ERR_METHOD_NOT_IMPLEMENTEDError: The _read() method is not implemented (uncaughtException throw 1 times on pid:6636)
    at new NodeError (node:internal/errors:372:5)
    at Readable._read (node:internal/streams/readable:651:9)
    at Readable.read (node:internal/streams/readable:487:10)
    at maybeReadMore_ (node:internal/streams/readable:638:12)
    at processTicksAndRejections (node:internal/process/task_queues:83:21)
code: "ERR_METHOD_NOT_IMPLEMENTED"
name: "ERR_METHOD_NOT_IMPLEMENTEDError"
pid: 6636
hostname: DESKTOP-IKGNHEN

2022-05-16 11:19:53,652 ERROR 13548 nodejs.unhandledRejectionError: blob is not supported by this platform
    at Object.exports.checkSupport (E:\project\mrs-app-code-creator\admin\node_modules\jszip\lib\utils.js:377:15)
    at JSZip.generateInternalStream (E:\project\mrs-app-code-creator\admin\node_modules\jszip\lib\object.js:347:17)
    at JSZip.generateAsync (E:\project\mrs-app-code-creator\admin\node_modules\jszip\lib\object.js:375:21)
    at GenProjectController.download (E:\project\mrs-app-code-creator\admin\app\controller\gen_project.js:67:17)
    at processTicksAndRejections (node:internal/process/task_queues:96:5)
    at async E:\project\mrs-app-code-creator\admin\node_modules\egg-development\app\middleware\egg_loader_trace.js:9:50
    at async xframe (E:\project\mrs-app-code-creator\admin\node_modules\egg-security\lib\middlewares\xframe.js:7:5)
    at async xssProtection (E:\project\mrs-app-code-creator\admin\node_modules\egg-security\lib\middlewares\xssProtection.js:7:5)
    at async nosniff (E:\project\mrs-app-code-creator\admin\node_modules\egg-security\lib\middlewares\nosniff.js:8:5)
    at async noopen (E:\project\mrs-app-code-creator\admin\node_modules\egg-security\lib\middlewares\noopen.js:8:5)
name: "unhandledRejectionError"
pid: 13548
hostname: DESKTOP-IKGNHEN

2022-05-16 11:20:21,958 ERROR 4992 nodejs.unhandledRejectionError: blob is not supported by this platform
    at Object.exports.checkSupport (E:\project\mrs-app-code-creator\admin\node_modules\jszip\lib\utils.js:377:15)
    at JSZip.generateInternalStream (E:\project\mrs-app-code-creator\admin\node_modules\jszip\lib\object.js:347:17)
    at JSZip.generateAsync (E:\project\mrs-app-code-creator\admin\node_modules\jszip\lib\object.js:375:21)
    at GenProjectController.download (E:\project\mrs-app-code-creator\admin\app\controller\gen_project.js:67:17)
    at processTicksAndRejections (node:internal/process/task_queues:96:5)
    at async E:\project\mrs-app-code-creator\admin\node_modules\egg-development\app\middleware\egg_loader_trace.js:9:50
    at async xframe (E:\project\mrs-app-code-creator\admin\node_modules\egg-security\lib\middlewares\xframe.js:7:5)
    at async xssProtection (E:\project\mrs-app-code-creator\admin\node_modules\egg-security\lib\middlewares\xssProtection.js:7:5)
    at async nosniff (E:\project\mrs-app-code-creator\admin\node_modules\egg-security\lib\middlewares\nosniff.js:8:5)
    at async noopen (E:\project\mrs-app-code-creator\admin\node_modules\egg-security\lib\middlewares\noopen.js:8:5)
name: "unhandledRejectionError"
pid: 4992
hostname: DESKTOP-IKGNHEN

